{"/home/shay/a/mghera/461/461Group2/run_URL_FILE/fetch_url.ts": {"path":"/home/shay/a/mghera/461/461Group2/run_URL_FILE/fetch_url.ts","statementMap":{"0":{"start":{"line":7,"column":0},"end":{"line":7,"column":28}},"1":{"start":{"line":8,"column":0},"end":{"line":8,"column":26}},"2":{"start":{"line":10,"column":0},"end":{"line":10,"column":37}},"3":{"start":{"line":13,"column":0},"end":{"line":13,"column":28}},"4":{"start":{"line":14,"column":0},"end":{"line":14,"column":20}},"5":{"start":{"line":16,"column":0},"end":{"line":16,"column":23}},"6":{"start":{"line":17,"column":13},"end":{"line":17,"column":48}},"7":{"start":{"line":20,"column":24},"end":{"line":20,"column":43}},"8":{"start":{"line":21,"column":12},"end":{"line":21,"column":26}},"9":{"start":{"line":22,"column":0},"end":{"line":22,"column":36}},"10":{"start":{"line":24,"column":31},"end":{"line":24,"column":33}},"11":{"start":{"line":26,"column":0},"end":{"line":26,"column":null}},"12":{"start":{"line":34,"column":0},"end":{"line":34,"column":null}},"13":{"start":{"line":39,"column":0},"end":{"line":39,"column":16}},"14":{"start":{"line":44,"column":19},"end":{"line":44,"column":20}},"15":{"start":{"line":47,"column":13},"end":{"line":47,"column":34}},"16":{"start":{"line":50,"column":4},"end":{"line":50,"column":21}},"17":{"start":{"line":51,"column":4},"end":{"line":51,"column":49}},"18":{"start":{"line":52,"column":4},"end":{"line":52,"column":30}},"19":{"start":{"line":53,"column":4},"end":{"line":53,"column":24}},"20":{"start":{"line":54,"column":4},"end":{"line":54,"column":32}},"21":{"start":{"line":55,"column":4},"end":{"line":55,"column":27}},"22":{"start":{"line":56,"column":4},"end":{"line":56,"column":29}},"23":{"start":{"line":57,"column":4},"end":{"line":57,"column":38}},"24":{"start":{"line":58,"column":4},"end":{"line":58,"column":26}},"25":{"start":{"line":61,"column":8},"end":{"line":61,"column":41}},"26":{"start":{"line":65,"column":8},"end":{"line":65,"column":41}},"27":{"start":{"line":69,"column":8},"end":{"line":69,"column":29}},"28":{"start":{"line":73,"column":8},"end":{"line":73,"column":37}},"29":{"start":{"line":77,"column":8},"end":{"line":77,"column":35}},"30":{"start":{"line":81,"column":8},"end":{"line":81,"column":null}},"31":{"start":{"line":85,"column":8},"end":{"line":85,"column":39}},"32":{"start":{"line":89,"column":8},"end":{"line":89,"column":57}},"33":{"start":{"line":93,"column":8},"end":{"line":93,"column":33}},"34":{"start":{"line":97,"column":23},"end":{"line":105,"column":null}},"35":{"start":{"line":106,"column":8},"end":{"line":106,"column":60}},"36":{"start":{"line":107,"column":8},"end":{"line":107,"column":38}},"37":{"start":{"line":108,"column":8},"end":{"line":110,"column":11}},"38":{"start":{"line":109,"column":12},"end":{"line":109,"column":63}},"39":{"start":{"line":112,"column":26},"end":{"line":112,"column":44}},"40":{"start":{"line":113,"column":8},"end":{"line":113,"column":32}},"41":{"start":{"line":114,"column":8},"end":{"line":114,"column":24}},"42":{"start":{"line":116,"column":8},"end":{"line":118,"column":11}},"43":{"start":{"line":117,"column":10},"end":{"line":117,"column":37}},"44":{"start":{"line":120,"column":8},"end":{"line":120,"column":41}},"45":{"start":{"line":121,"column":8},"end":{"line":121,"column":52}},"46":{"start":{"line":122,"column":8},"end":{"line":122,"column":54}},"47":{"start":{"line":123,"column":8},"end":{"line":123,"column":63}},"48":{"start":{"line":124,"column":8},"end":{"line":124,"column":60}},"49":{"start":{"line":125,"column":8},"end":{"line":125,"column":82}},"50":{"start":{"line":126,"column":8},"end":{"line":126,"column":66}},"51":{"start":{"line":128,"column":8},"end":{"line":128,"column":null}},"52":{"start":{"line":49,"column":0},"end":{"line":49,"column":13}},"53":{"start":{"line":138,"column":8},"end":{"line":138,"column":23}},"54":{"start":{"line":139,"column":8},"end":{"line":139,"column":39}},"55":{"start":{"line":140,"column":8},"end":{"line":140,"column":41}},"56":{"start":{"line":144,"column":8},"end":{"line":146,"column":null}},"57":{"start":{"line":145,"column":12},"end":{"line":145,"column":37}},"58":{"start":{"line":147,"column":8},"end":{"line":147,"column":18}},"59":{"start":{"line":151,"column":8},"end":{"line":151,"column":32}},"60":{"start":{"line":132,"column":2},"end":{"line":132,"column":15}},"61":{"start":{"line":156,"column":25},"end":{"line":156,"column":49}},"62":{"start":{"line":157,"column":4},"end":{"line":164,"column":null}},"63":{"start":{"line":158,"column":22},"end":{"line":158,"column":85}},"64":{"start":{"line":159,"column":8},"end":{"line":159,"column":28}},"65":{"start":{"line":160,"column":8},"end":{"line":160,"column":20}},"66":{"start":{"line":162,"column":8},"end":{"line":162,"column":44}},"67":{"start":{"line":163,"column":8},"end":{"line":163,"column":28}},"68":{"start":{"line":170,"column":20},"end":{"line":172,"column":6}},"69":{"start":{"line":174,"column":4},"end":{"line":174,"column":80}},"70":{"start":{"line":176,"column":4},"end":{"line":185,"column":11}},"71":{"start":{"line":178,"column":12},"end":{"line":180,"column":null}},"72":{"start":{"line":179,"column":16},"end":{"line":179,"column":47}},"73":{"start":{"line":183,"column":12},"end":{"line":183,"column":65}},"74":{"start":{"line":184,"column":12},"end":{"line":184,"column":44}},"75":{"start":{"line":187,"column":4},"end":{"line":192,"column":null}},"76":{"start":{"line":188,"column":8},"end":{"line":188,"column":74}},"77":{"start":{"line":190,"column":8},"end":{"line":190,"column":84}},"78":{"start":{"line":191,"column":8},"end":{"line":191,"column":83}},"79":{"start":{"line":194,"column":4},"end":{"line":196,"column":7}},"80":{"start":{"line":195,"column":8},"end":{"line":195,"column":47}},"81":{"start":{"line":198,"column":33},"end":{"line":198,"column":95}},"82":{"start":{"line":199,"column":4},"end":{"line":199,"column":61}},"83":{"start":{"line":201,"column":4},"end":{"line":201,"column":22}},"84":{"start":{"line":205,"column":4},"end":{"line":210,"column":7}},"85":{"start":{"line":206,"column":8},"end":{"line":209,"column":32}},"86":{"start":{"line":214,"column":4},"end":{"line":214,"column":31}},"87":{"start":{"line":216,"column":4},"end":{"line":252,"column":null}},"88":{"start":{"line":218,"column":25},"end":{"line":218,"column":53}},"89":{"start":{"line":219,"column":8},"end":{"line":221,"column":null}},"90":{"start":{"line":220,"column":12},"end":{"line":220,"column":35}},"91":{"start":{"line":224,"column":27},"end":{"line":224,"column":61}},"92":{"start":{"line":227,"column":28},"end":{"line":227,"column":63}},"93":{"start":{"line":228,"column":25},"end":{"line":228,"column":80}},"94":{"start":{"line":229,"column":8},"end":{"line":229,"column":62}},"95":{"start":{"line":231,"column":8},"end":{"line":234,"column":11}},"96":{"start":{"line":232,"column":12},"end":{"line":232,"column":45}},"97":{"start":{"line":233,"column":12},"end":{"line":233,"column":46}},"98":{"start":{"line":237,"column":8},"end":{"line":237,"column":52}},"99":{"start":{"line":241,"column":8},"end":{"line":243,"column":11}},"100":{"start":{"line":242,"column":12},"end":{"line":242,"column":64}},"101":{"start":{"line":246,"column":8},"end":{"line":246,"column":35}},"102":{"start":{"line":248,"column":8},"end":{"line":248,"column":39}},"103":{"start":{"line":254,"column":4},"end":{"line":254,"column":98}},"104":{"start":{"line":255,"column":4},"end":{"line":255,"column":67}},"105":{"start":{"line":256,"column":4},"end":{"line":256,"column":58}},"106":{"start":{"line":258,"column":4},"end":{"line":258,"column":22}},"107":{"start":{"line":262,"column":4},"end":{"line":269,"column":null}},"108":{"start":{"line":262,"column":21},"end":{"line":262,"column":25}},"109":{"start":{"line":263,"column":25},"end":{"line":263,"column":36}},"110":{"start":{"line":264,"column":8},"end":{"line":267,"column":null}},"111":{"start":{"line":266,"column":16},"end":{"line":266,"column":51}},"112":{"start":{"line":268,"column":8},"end":{"line":268,"column":37}},"113":{"start":{"line":271,"column":14},"end":{"line":271,"column":15}},"114":{"start":{"line":272,"column":4},"end":{"line":281,"column":27}},"115":{"start":{"line":273,"column":22},"end":{"line":273,"column":86}},"116":{"start":{"line":274,"column":25},"end":{"line":274,"column":43}},"117":{"start":{"line":275,"column":8},"end":{"line":280,"column":11}},"118":{"start":{"line":276,"column":10},"end":{"line":279,"column":14}},"119":{"start":{"line":278,"column":12},"end":{"line":278,"column":30}},"120":{"start":{"line":286,"column":4},"end":{"line":331,"column":null}},"121":{"start":{"line":287,"column":19},"end":{"line":287,"column":64}},"122":{"start":{"line":289,"column":20},"end":{"line":289,"column":36}},"123":{"start":{"line":291,"column":26},"end":{"line":291,"column":28}},"124":{"start":{"line":293,"column":6},"end":{"line":325,"column":null}},"125":{"start":{"line":294,"column":8},"end":{"line":294,"column":27}},"126":{"start":{"line":296,"column":8},"end":{"line":324,"column":null}},"127":{"start":{"line":297,"column":28},"end":{"line":297,"column":30}},"128":{"start":{"line":298,"column":44},"end":{"line":298,"column":46}},"129":{"start":{"line":300,"column":10},"end":{"line":316,"column":null}},"130":{"start":{"line":301,"column":26},"end":{"line":301,"column":41}},"131":{"start":{"line":302,"column":12},"end":{"line":302,"column":50}},"132":{"start":{"line":303,"column":12},"end":{"line":303,"column":32}},"133":{"start":{"line":306,"column":34},"end":{"line":306,"column":69}},"134":{"start":{"line":307,"column":12},"end":{"line":310,"column":null}},"135":{"start":{"line":308,"column":14},"end":{"line":308,"column":49}},"136":{"start":{"line":309,"column":14},"end":{"line":309,"column":47}},"137":{"start":{"line":312,"column":15},"end":{"line":316,"column":null}},"138":{"start":{"line":313,"column":26},"end":{"line":313,"column":41}},"139":{"start":{"line":314,"column":12},"end":{"line":314,"column":50}},"140":{"start":{"line":315,"column":12},"end":{"line":315,"column":51}},"141":{"start":{"line":318,"column":25},"end":{"line":318,"column":65}},"142":{"start":{"line":319,"column":10},"end":{"line":319,"column":28}},"143":{"start":{"line":323,"column":10},"end":{"line":323,"column":53}},"144":{"start":{"line":326,"column":6},"end":{"line":326,"column":18}},"145":{"start":{"line":329,"column":6},"end":{"line":329,"column":49}},"146":{"start":{"line":330,"column":6},"end":{"line":330,"column":16}},"147":{"start":{"line":285,"column":0},"end":{"line":285,"column":22}},"148":{"start":{"line":335,"column":2},"end":{"line":354,"column":null}},"149":{"start":{"line":337,"column":24},"end":{"line":337,"column":47}},"150":{"start":{"line":338,"column":16},"end":{"line":338,"column":76}},"151":{"start":{"line":341,"column":26},"end":{"line":341,"column":72}},"152":{"start":{"line":343,"column":4},"end":{"line":349,"column":null}},"153":{"start":{"line":345,"column":20},"end":{"line":345,"column":44}},"154":{"start":{"line":346,"column":19},"end":{"line":346,"column":62}},"155":{"start":{"line":347,"column":20},"end":{"line":347,"column":43}},"156":{"start":{"line":348,"column":6},"end":{"line":348,"column":29}},"157":{"start":{"line":352,"column":4},"end":{"line":352,"column":60}},"158":{"start":{"line":353,"column":4},"end":{"line":353,"column":16}},"159":{"start":{"line":334,"column":0},"end":{"line":334,"column":22}},"160":{"start":{"line":358,"column":4},"end":{"line":360,"column":null}},"161":{"start":{"line":359,"column":8},"end":{"line":359,"column":34}},"162":{"start":{"line":365,"column":21},"end":{"line":365,"column":40}},"163":{"start":{"line":371,"column":15},"end":{"line":371,"column":30}},"164":{"start":{"line":372,"column":22},"end":{"line":372,"column":24}},"165":{"start":{"line":374,"column":0},"end":{"line":379,"column":3}},"166":{"start":{"line":375,"column":4},"end":{"line":375,"column":null}},"167":{"start":{"line":376,"column":4},"end":{"line":378,"column":7}},"168":{"start":{"line":377,"column":8},"end":{"line":377,"column":37}},"169":{"start":{"line":381,"column":0},"end":{"line":391,"column":2}}},"fnMap":{"0":{"name":"(anonymous_21)","decl":{"start":{"line":49,"column":0},"end":{"line":49,"column":13}},"loc":{"start":{"line":49,"column":0},"end":{"line":130,"column":3}}},"1":{"name":"(anonymous_22)","decl":{"start":{"line":60,"column":4},"end":{"line":60,"column":19}},"loc":{"start":{"line":60,"column":53},"end":{"line":62,"column":5}}},"2":{"name":"(anonymous_23)","decl":{"start":{"line":64,"column":4},"end":{"line":64,"column":19}},"loc":{"start":{"line":64,"column":40},"end":{"line":66,"column":5}}},"3":{"name":"(anonymous_24)","decl":{"start":{"line":68,"column":4},"end":{"line":68,"column":13}},"loc":{"start":{"line":68,"column":28},"end":{"line":70,"column":5}}},"4":{"name":"(anonymous_25)","decl":{"start":{"line":72,"column":4},"end":{"line":72,"column":17}},"loc":{"start":{"line":72,"column":37},"end":{"line":74,"column":5}}},"5":{"name":"(anonymous_26)","decl":{"start":{"line":76,"column":4},"end":{"line":76,"column":16}},"loc":{"start":{"line":76,"column":34},"end":{"line":78,"column":5}}},"6":{"name":"(anonymous_27)","decl":{"start":{"line":80,"column":4},"end":{"line":80,"column":10}},"loc":{"start":{"line":80,"column":22},"end":{"line":82,"column":5}}},"7":{"name":"(anonymous_28)","decl":{"start":{"line":84,"column":4},"end":{"line":84,"column":18}},"loc":{"start":{"line":84,"column":38},"end":{"line":86,"column":5}}},"8":{"name":"(anonymous_29)","decl":{"start":{"line":88,"column":4},"end":{"line":88,"column":27}},"loc":{"start":{"line":88,"column":56},"end":{"line":90,"column":5}}},"9":{"name":"(anonymous_30)","decl":{"start":{"line":92,"column":4},"end":{"line":92,"column":15}},"loc":{"start":{"line":92,"column":32},"end":{"line":94,"column":5}}},"10":{"name":"(anonymous_31)","decl":{"start":{"line":96,"column":4},"end":{"line":96,"column":16}},"loc":{"start":{"line":96,"column":16},"end":{"line":129,"column":5}}},"11":{"name":"(anonymous_32)","decl":{"start":{"line":108,"column":34},"end":{"line":108,"column":35}},"loc":{"start":{"line":108,"column":65},"end":{"line":110,"column":9}}},"12":{"name":"(anonymous_33)","decl":{"start":{"line":116,"column":29},"end":{"line":116,"column":30}},"loc":{"start":{"line":116,"column":46},"end":{"line":118,"column":9}}},"13":{"name":"(anonymous_34)","decl":{"start":{"line":137,"column":4},"end":{"line":137,"column":16}},"loc":{"start":{"line":137,"column":78},"end":{"line":141,"column":5}}},"14":{"name":"(anonymous_35)","decl":{"start":{"line":143,"column":4},"end":{"line":143,"column":19}},"loc":{"start":{"line":143,"column":19},"end":{"line":148,"column":5}}},"15":{"name":"(anonymous_36)","decl":{"start":{"line":150,"column":4},"end":{"line":150,"column":18}},"loc":{"start":{"line":150,"column":18},"end":{"line":152,"column":5}}},"16":{"name":"retrieveGithubKey","decl":{"start":{"line":155,"column":9},"end":{"line":155,"column":26}},"loc":{"start":{"line":155,"column":26},"end":{"line":165,"column":1}}},"17":{"name":"getPackageObject","decl":{"start":{"line":169,"column":15},"end":{"line":169,"column":31}},"loc":{"start":{"line":169,"column":102},"end":{"line":202,"column":null}}},"18":{"name":"(anonymous_40)","decl":{"start":{"line":177,"column":14},"end":{"line":177,"column":15}},"loc":{"start":{"line":177,"column":27},"end":{"line":181,"column":9}}},"19":{"name":"(anonymous_41)","decl":{"start":{"line":182,"column":16},"end":{"line":182,"column":17}},"loc":{"start":{"line":182,"column":24},"end":{"line":185,"column":9}}},"20":{"name":"(anonymous_42)","decl":{"start":{"line":194,"column":63},"end":{"line":194,"column":64}},"loc":{"start":{"line":194,"column":79},"end":{"line":196,"column":5}}},"21":{"name":"extractTarball","decl":{"start":{"line":204,"column":15},"end":{"line":204,"column":29}},"loc":{"start":{"line":204,"column":68},"end":{"line":211,"column":null}}},"22":{"name":"(anonymous_45)","decl":{"start":{"line":205,"column":29},"end":{"line":205,"column":30}},"loc":{"start":{"line":205,"column":49},"end":{"line":210,"column":5}}},"23":{"name":"cloneRepository","decl":{"start":{"line":213,"column":15},"end":{"line":213,"column":30}},"loc":{"start":{"line":213,"column":67},"end":{"line":259,"column":null}}},"24":{"name":"(anonymous_48)","decl":{"start":{"line":231,"column":26},"end":{"line":231,"column":27}},"loc":{"start":{"line":231,"column":46},"end":{"line":234,"column":9}}},"25":{"name":"(anonymous_49)","decl":{"start":{"line":241,"column":45},"end":{"line":241,"column":46}},"loc":{"start":{"line":241,"column":58},"end":{"line":243,"column":9}}},"26":{"name":"calculateAllMetrics","decl":{"start":{"line":261,"column":15},"end":{"line":261,"column":34}},"loc":{"start":{"line":261,"column":49},"end":{"line":282,"column":null}}},"27":{"name":"(anonymous_52)","decl":{"start":{"line":265,"column":18},"end":{"line":265,"column":19}},"loc":{"start":{"line":265,"column":44},"end":{"line":267,"column":13}}},"28":{"name":"(anonymous_53)","decl":{"start":{"line":272,"column":40},"end":{"line":272,"column":41}},"loc":{"start":{"line":272,"column":52},"end":{"line":281,"column":7}}},"29":{"name":"(anonymous_54)","decl":{"start":{"line":275,"column":27},"end":{"line":275,"column":34}},"loc":{"start":{"line":275,"column":37},"end":{"line":280,"column":9}}},"30":{"name":"(anonymous_55)","decl":{"start":{"line":277,"column":16},"end":{"line":277,"column":17}},"loc":{"start":{"line":277,"column":29},"end":{"line":279,"column":12}}},"31":{"name":"fetchUrlsFromFile","decl":{"start":{"line":285,"column":22},"end":{"line":285,"column":39}},"loc":{"start":{"line":285,"column":56},"end":{"line":332,"column":null}}},"32":{"name":"getGithubDetailsFromNpm","decl":{"start":{"line":334,"column":22},"end":{"line":334,"column":45}},"loc":{"start":{"line":334,"column":60},"end":{"line":355,"column":null}}},"33":{"name":"printAllMetrics","decl":{"start":{"line":357,"column":9},"end":{"line":357,"column":24}},"loc":{"start":{"line":357,"column":44},"end":{"line":361,"column":1}}},"34":{"name":"(anonymous_61)","decl":{"start":{"line":374,"column":33},"end":{"line":374,"column":34}},"loc":{"start":{"line":374,"column":42},"end":{"line":379,"column":1}}},"35":{"name":"(anonymous_62)","decl":{"start":{"line":376,"column":39},"end":{"line":376,"column":42}},"loc":{"start":{"line":376,"column":44},"end":{"line":378,"column":5}}}},"branchMap":{"0":{"loc":{"start":{"line":144,"column":8},"end":{"line":146,"column":null}},"type":"if","locations":[{"start":{"line":144,"column":8},"end":{"line":146,"column":null}}]},"1":{"loc":{"start":{"line":157,"column":4},"end":{"line":164,"column":null}},"type":"if","locations":[{"start":{"line":157,"column":4},"end":{"line":164,"column":null}},{"start":{"line":161,"column":11},"end":{"line":164,"column":null}}]},"2":{"loc":{"start":{"line":178,"column":12},"end":{"line":180,"column":null}},"type":"if","locations":[{"start":{"line":178,"column":12},"end":{"line":180,"column":null}}]},"3":{"loc":{"start":{"line":187,"column":4},"end":{"line":192,"column":null}},"type":"if","locations":[{"start":{"line":187,"column":4},"end":{"line":192,"column":null}},{"start":{"line":189,"column":11},"end":{"line":192,"column":null}}]},"4":{"loc":{"start":{"line":219,"column":8},"end":{"line":221,"column":null}},"type":"if","locations":[{"start":{"line":219,"column":8},"end":{"line":221,"column":null}}]},"5":{"loc":{"start":{"line":296,"column":8},"end":{"line":324,"column":null}},"type":"if","locations":[{"start":{"line":296,"column":8},"end":{"line":324,"column":null}},{"start":{"line":321,"column":13},"end":{"line":324,"column":null}}]},"6":{"loc":{"start":{"line":296,"column":12},"end":{"line":296,"column":98}},"type":"binary-expr","locations":[{"start":{"line":296,"column":12},"end":{"line":296,"column":35}},{"start":{"line":296,"column":40},"end":{"line":296,"column":66}},{"start":{"line":296,"column":70},"end":{"line":296,"column":97}}]},"7":{"loc":{"start":{"line":300,"column":10},"end":{"line":316,"column":null}},"type":"if","locations":[{"start":{"line":300,"column":10},"end":{"line":316,"column":null}},{"start":{"line":312,"column":15},"end":{"line":316,"column":null}}]},"8":{"loc":{"start":{"line":307,"column":12},"end":{"line":310,"column":null}},"type":"if","locations":[{"start":{"line":307,"column":12},"end":{"line":310,"column":null}}]},"9":{"loc":{"start":{"line":312,"column":15},"end":{"line":316,"column":null}},"type":"if","locations":[{"start":{"line":312,"column":15},"end":{"line":316,"column":null}}]},"10":{"loc":{"start":{"line":341,"column":26},"end":{"line":341,"column":72}},"type":"binary-expr","locations":[{"start":{"line":341,"column":26},"end":{"line":341,"column":45}},{"start":{"line":341,"column":49},"end":{"line":341,"column":72}}]},"11":{"loc":{"start":{"line":343,"column":4},"end":{"line":349,"column":null}},"type":"if","locations":[{"start":{"line":343,"column":4},"end":{"line":349,"column":null}}]},"12":{"loc":{"start":{"line":343,"column":8},"end":{"line":343,"column":61}},"type":"binary-expr","locations":[{"start":{"line":343,"column":8},"end":{"line":343,"column":21}},{"start":{"line":343,"column":25},"end":{"line":343,"column":61}}]}},"s":{"0":1,"1":1,"2":1,"3":1,"4":1,"5":1,"6":1,"7":1,"8":1,"9":1,"10":1,"11":1,"12":1,"13":1,"14":1,"15":1,"16":3,"17":3,"18":3,"19":3,"20":3,"21":3,"22":3,"23":3,"24":3,"25":3,"26":0,"27":1,"28":1,"29":1,"30":1,"31":3,"32":3,"33":1,"34":1,"35":1,"36":1,"37":1,"38":0,"39":1,"40":1,"41":1,"42":1,"43":1,"44":1,"45":1,"46":1,"47":1,"48":1,"49":1,"50":1,"51":1,"52":1,"53":11,"54":11,"55":11,"56":2,"57":0,"58":2,"59":0,"60":1,"61":4,"62":4,"63":1,"64":1,"65":1,"66":3,"67":3,"68":3,"69":3,"70":3,"71":2,"72":0,"73":1,"74":1,"75":3,"76":3,"77":0,"78":0,"79":3,"80":3,"81":3,"82":3,"83":3,"84":0,"85":0,"86":1,"87":1,"88":1,"89":1,"90":1,"91":1,"92":1,"93":1,"94":1,"95":0,"96":0,"97":0,"98":0,"99":0,"100":0,"101":0,"102":0,"103":1,"104":1,"105":1,"106":1,"107":2,"108":1,"109":1,"110":1,"111":1,"112":1,"113":2,"114":2,"115":1,"116":1,"117":1,"118":1,"119":1,"120":2,"121":2,"122":1,"123":1,"124":1,"125":21,"126":21,"127":10,"128":10,"129":10,"130":4,"131":4,"132":4,"133":4,"134":4,"135":0,"136":0,"137":6,"138":6,"139":6,"140":6,"141":10,"142":10,"143":11,"144":1,"145":1,"146":1,"147":1,"148":7,"149":7,"150":7,"151":6,"152":6,"153":0,"154":0,"155":0,"156":0,"157":1,"158":1,"159":1,"160":1,"161":1,"162":1,"163":1,"164":1,"165":1,"166":1,"167":1,"168":1,"169":1},"f":{"0":3,"1":3,"2":0,"3":1,"4":1,"5":1,"6":1,"7":3,"8":3,"9":1,"10":1,"11":0,"12":1,"13":11,"14":2,"15":0,"16":4,"17":3,"18":2,"19":1,"20":3,"21":0,"22":0,"23":1,"24":0,"25":0,"26":2,"27":1,"28":1,"29":1,"30":1,"31":2,"32":7,"33":1,"34":1,"35":1},"b":{"0":[0],"1":[1,3],"2":[0],"3":[3,0],"4":[1],"5":[10,11],"6":[21,18,14],"7":[4,6],"8":[0],"9":[6],"10":[6,1],"11":[0],"12":[6,1]}}
,"/home/shay/a/mghera/461/461Group2/run_URL_FILE/logger.ts": {"path":"/home/shay/a/mghera/461/461Group2/run_URL_FILE/logger.ts","statementMap":{"0":{"start":{"line":1,"column":0},"end":{"line":1,"column":43}},"1":{"start":{"line":3,"column":44},"end":{"line":7,"column":null}},"2":{"start":{"line":9,"column":19},"end":{"line":13,"column":null}},"3":{"start":{"line":16,"column":21},"end":{"line":16,"column":50}},"4":{"start":{"line":17,"column":4},"end":{"line":28,"column":null}},"5":{"start":{"line":19,"column":8},"end":{"line":19,"column":28}},"6":{"start":{"line":21,"column":9},"end":{"line":28,"column":null}},"7":{"start":{"line":23,"column":8},"end":{"line":23,"column":28}},"8":{"start":{"line":25,"column":9},"end":{"line":28,"column":null}},"9":{"start":{"line":27,"column":8},"end":{"line":27,"column":28}},"10":{"start":{"line":30,"column":4},"end":{"line":30,"column":31}},"11":{"start":{"line":34,"column":20},"end":{"line":34,"column":40}},"12":{"start":{"line":35,"column":4},"end":{"line":39,"column":null}},"13":{"start":{"line":36,"column":22},"end":{"line":36,"column":93}},"14":{"start":{"line":37,"column":8},"end":{"line":37,"column":41}},"15":{"start":{"line":38,"column":8},"end":{"line":38,"column":20}},"16":{"start":{"line":41,"column":4},"end":{"line":41,"column":19}},"17":{"start":{"line":45,"column":21},"end":{"line":45,"column":34}},"18":{"start":{"line":46,"column":20},"end":{"line":46,"column":32}},"19":{"start":{"line":48,"column":19},"end":{"line":55,"column":8}},"20":{"start":{"line":57,"column":4},"end":{"line":57,"column":18}},"21":{"start":{"line":44,"column":0},"end":{"line":44,"column":16}}},"fnMap":{"0":{"name":"getLogLevel","decl":{"start":{"line":15,"column":9},"end":{"line":15,"column":20}},"loc":{"start":{"line":15,"column":20},"end":{"line":31,"column":1}}},"1":{"name":"getLogPath","decl":{"start":{"line":33,"column":9},"end":{"line":33,"column":19}},"loc":{"start":{"line":33,"column":19},"end":{"line":42,"column":1}}},"2":{"name":"getLogger","decl":{"start":{"line":44,"column":16},"end":{"line":44,"column":25}},"loc":{"start":{"line":44,"column":25},"end":{"line":58,"column":1}}}},"branchMap":{"0":{"loc":{"start":{"line":17,"column":4},"end":{"line":28,"column":null}},"type":"if","locations":[{"start":{"line":17,"column":4},"end":{"line":28,"column":null}},{"start":{"line":21,"column":9},"end":{"line":28,"column":null}}]},"1":{"loc":{"start":{"line":21,"column":9},"end":{"line":28,"column":null}},"type":"if","locations":[{"start":{"line":21,"column":9},"end":{"line":28,"column":null}},{"start":{"line":25,"column":9},"end":{"line":28,"column":null}}]},"2":{"loc":{"start":{"line":25,"column":9},"end":{"line":28,"column":null}},"type":"if","locations":[{"start":{"line":25,"column":9},"end":{"line":28,"column":null}}]},"3":{"loc":{"start":{"line":35,"column":4},"end":{"line":39,"column":null}},"type":"if","locations":[{"start":{"line":35,"column":4},"end":{"line":39,"column":null}}]}},"s":{"0":1,"1":1,"2":1,"3":1,"4":1,"5":1,"6":0,"7":0,"8":0,"9":0,"10":0,"11":1,"12":1,"13":0,"14":0,"15":0,"16":1,"17":1,"18":1,"19":1,"20":1,"21":1},"f":{"0":1,"1":1,"2":1},"b":{"0":[1,0],"1":[0,0],"2":[0],"3":[0]}}
,"/home/shay/a/mghera/461/461Group2/run_URL_FILE/metric_calcs.ts": {"path":"/home/shay/a/mghera/461/461Group2/run_URL_FILE/metric_calcs.ts","statementMap":{"0":{"start":{"line":3,"column":0},"end":{"line":3,"column":45}},"1":{"start":{"line":5,"column":0},"end":{"line":5,"column":null}},"2":{"start":{"line":16,"column":19},"end":{"line":16,"column":20}},"3":{"start":{"line":19,"column":20},"end":{"line":19,"column":21}},"4":{"start":{"line":24,"column":29},"end":{"line":24,"column":42}},"5":{"start":{"line":25,"column":30},"end":{"line":25,"column":42}},"6":{"start":{"line":29,"column":27},"end":{"line":29,"column":71}},"7":{"start":{"line":30,"column":20},"end":{"line":30,"column":83}},"8":{"start":{"line":31,"column":4},"end":{"line":31,"column":26}},"9":{"start":{"line":32,"column":4},"end":{"line":32,"column":21}},"10":{"start":{"line":35,"column":4},"end":{"line":35,"column":64}},"11":{"start":{"line":37,"column":4},"end":{"line":37,"column":61}},"12":{"start":{"line":39,"column":4},"end":{"line":39,"column":21}},"13":{"start":{"line":18,"column":0},"end":{"line":18,"column":16}},"14":{"start":{"line":43,"column":23},"end":{"line":43,"column":24}},"15":{"start":{"line":47,"column":30},"end":{"line":47,"column":42}},"16":{"start":{"line":50,"column":20},"end":{"line":50,"column":21}},"17":{"start":{"line":51,"column":4},"end":{"line":56,"column":null}},"18":{"start":{"line":52,"column":8},"end":{"line":52,"column":24}},"19":{"start":{"line":54,"column":31},"end":{"line":54,"column":66}},"20":{"start":{"line":55,"column":8},"end":{"line":55,"column":73}},"21":{"start":{"line":61,"column":23},"end":{"line":61,"column":24}},"22":{"start":{"line":62,"column":26},"end":{"line":62,"column":27}},"23":{"start":{"line":63,"column":26},"end":{"line":63,"column":27}},"24":{"start":{"line":64,"column":4},"end":{"line":67,"column":7}},"25":{"start":{"line":65,"column":8},"end":{"line":65,"column":30}},"26":{"start":{"line":66,"column":8},"end":{"line":66,"column":26}},"27":{"start":{"line":68,"column":4},"end":{"line":70,"column":7}},"28":{"start":{"line":69,"column":8},"end":{"line":69,"column":62}},"29":{"start":{"line":71,"column":4},"end":{"line":71,"column":39}},"30":{"start":{"line":72,"column":4},"end":{"line":74,"column":null}},"31":{"start":{"line":73,"column":8},"end":{"line":73,"column":29}},"32":{"start":{"line":75,"column":4},"end":{"line":75,"column":79}},"33":{"start":{"line":78,"column":4},"end":{"line":78,"column":59}},"34":{"start":{"line":80,"column":4},"end":{"line":80,"column":70}},"35":{"start":{"line":82,"column":4},"end":{"line":82,"column":62}},"36":{"start":{"line":84,"column":4},"end":{"line":84,"column":null}},"37":{"start":{"line":42,"column":0},"end":{"line":42,"column":16}},"38":{"start":{"line":88,"column":4},"end":{"line":106,"column":null}},"39":{"start":{"line":89,"column":20},"end":{"line":89,"column":65}},"40":{"start":{"line":90,"column":8},"end":{"line":90,"column":45}},"41":{"start":{"line":91,"column":27},"end":{"line":91,"column":78}},"42":{"start":{"line":93,"column":28},"end":{"line":93,"column":31}},"43":{"start":{"line":94,"column":29},"end":{"line":94,"column":32}},"44":{"start":{"line":95,"column":33},"end":{"line":95,"column":104}},"45":{"start":{"line":97,"column":28},"end":{"line":97,"column":82}},"46":{"start":{"line":98,"column":8},"end":{"line":98,"column":72}},"47":{"start":{"line":100,"column":8},"end":{"line":100,"column":null}},"48":{"start":{"line":103,"column":8},"end":{"line":103,"column":71}},"49":{"start":{"line":104,"column":8},"end":{"line":104,"column":70}},"50":{"start":{"line":105,"column":8},"end":{"line":105,"column":18}},"51":{"start":{"line":87,"column":0},"end":{"line":87,"column":22}},"52":{"start":{"line":110,"column":4},"end":{"line":129,"column":null}},"53":{"start":{"line":111,"column":32},"end":{"line":111,"column":83}},"54":{"start":{"line":112,"column":36},"end":{"line":112,"column":91}},"55":{"start":{"line":116,"column":38},"end":{"line":116,"column":41}},"56":{"start":{"line":117,"column":38},"end":{"line":117,"column":41}},"57":{"start":{"line":118,"column":42},"end":{"line":118,"column":127}},"58":{"start":{"line":120,"column":22},"end":{"line":120,"column":85}},"59":{"start":{"line":122,"column":8},"end":{"line":122,"column":null}},"60":{"start":{"line":124,"column":8},"end":{"line":124,"column":21}},"61":{"start":{"line":126,"column":8},"end":{"line":126,"column":80}},"62":{"start":{"line":127,"column":8},"end":{"line":127,"column":79}},"63":{"start":{"line":128,"column":8},"end":{"line":128,"column":18}},"64":{"start":{"line":109,"column":0},"end":{"line":109,"column":22}},"65":{"start":{"line":133,"column":19},"end":{"line":133,"column":182}},"66":{"start":{"line":134,"column":26},"end":{"line":134,"column":72}},"67":{"start":{"line":136,"column":4},"end":{"line":136,"column":null}},"68":{"start":{"line":138,"column":4},"end":{"line":138,"column":27}},"69":{"start":{"line":132,"column":0},"end":{"line":132,"column":16}}},"fnMap":{"0":{"name":"calculateRampUp","decl":{"start":{"line":18,"column":16},"end":{"line":18,"column":31}},"loc":{"start":{"line":18,"column":52},"end":{"line":40,"column":1}}},"1":{"name":"calculateBusFactor","decl":{"start":{"line":42,"column":16},"end":{"line":42,"column":34}},"loc":{"start":{"line":42,"column":90},"end":{"line":85,"column":1}}},"2":{"name":"(anonymous_9)","decl":{"start":{"line":64,"column":25},"end":{"line":64,"column":26}},"loc":{"start":{"line":64,"column":56},"end":{"line":67,"column":5}}},"3":{"name":"(anonymous_10)","decl":{"start":{"line":68,"column":25},"end":{"line":68,"column":26}},"loc":{"start":{"line":68,"column":56},"end":{"line":70,"column":5}}},"4":{"name":"calculateCorrectness","decl":{"start":{"line":87,"column":22},"end":{"line":87,"column":42}},"loc":{"start":{"line":87,"column":92},"end":{"line":107,"column":null}}},"5":{"name":"calculateResponsiveMaintainer","decl":{"start":{"line":109,"column":22},"end":{"line":109,"column":51}},"loc":{"start":{"line":109,"column":101},"end":{"line":130,"column":null}}},"6":{"name":"calculateNetScore","decl":{"start":{"line":132,"column":16},"end":{"line":132,"column":33}},"loc":{"start":{"line":132,"column":53},"end":{"line":139,"column":1}}}},"branchMap":{"0":{"loc":{"start":{"line":51,"column":4},"end":{"line":56,"column":null}},"type":"if","locations":[{"start":{"line":51,"column":4},"end":{"line":56,"column":null}},{"start":{"line":53,"column":11},"end":{"line":56,"column":null}}]},"1":{"loc":{"start":{"line":72,"column":4},"end":{"line":74,"column":null}},"type":"if","locations":[{"start":{"line":72,"column":4},"end":{"line":74,"column":null}}]}},"s":{"0":1,"1":1,"2":1,"3":5,"4":5,"5":5,"6":5,"7":5,"8":5,"9":5,"10":5,"11":5,"12":5,"13":1,"14":6,"15":6,"16":6,"17":6,"18":1,"19":5,"20":5,"21":6,"22":6,"23":6,"24":6,"25":32,"26":32,"27":6,"28":32,"29":6,"30":6,"31":1,"32":6,"33":6,"34":6,"35":6,"36":6,"37":1,"38":3,"39":3,"40":3,"41":3,"42":3,"43":3,"44":3,"45":3,"46":3,"47":3,"48":0,"49":0,"50":0,"51":1,"52":3,"53":3,"54":3,"55":3,"56":3,"57":3,"58":3,"59":3,"60":3,"61":0,"62":0,"63":0,"64":1,"65":1,"66":1,"67":1,"68":1,"69":1},"f":{"0":5,"1":6,"2":32,"3":32,"4":3,"5":3,"6":1},"b":{"0":[1,5],"1":[1]}}
,"/home/shay/a/mghera/461/461Group2/run_URL_FILE/metric_calcs_helpers.ts": {"path":"/home/shay/a/mghera/461/461Group2/run_URL_FILE/metric_calcs_helpers.ts","statementMap":{"0":{"start":{"line":1,"column":0},"end":{"line":1,"column":20}},"1":{"start":{"line":2,"column":0},"end":{"line":2,"column":24}},"2":{"start":{"line":4,"column":0},"end":{"line":4,"column":26}},"3":{"start":{"line":5,"column":0},"end":{"line":5,"column":45}},"4":{"start":{"line":8,"column":4},"end":{"line":24,"column":null}},"5":{"start":{"line":10,"column":27},"end":{"line":10,"column":59}},"6":{"start":{"line":12,"column":8},"end":{"line":20,"column":null}},"7":{"start":{"line":14,"column":34},"end":{"line":14,"column":70}},"8":{"start":{"line":16,"column":12},"end":{"line":16,"column":33}},"9":{"start":{"line":19,"column":12},"end":{"line":19,"column":22}},"10":{"start":{"line":23,"column":8},"end":{"line":23,"column":18}},"11":{"start":{"line":7,"column":0},"end":{"line":7,"column":22}},"12":{"start":{"line":28,"column":20},"end":{"line":30,"column":6}},"13":{"start":{"line":32,"column":4},"end":{"line":41,"column":null}},"14":{"start":{"line":33,"column":25},"end":{"line":33,"column":109}},"15":{"start":{"line":34,"column":22},"end":{"line":34,"column":57}},"16":{"start":{"line":35,"column":8},"end":{"line":35,"column":null}},"17":{"start":{"line":36,"column":8},"end":{"line":36,"column":21}},"18":{"start":{"line":38,"column":8},"end":{"line":38,"column":59}},"19":{"start":{"line":39,"column":8},"end":{"line":39,"column":60}},"20":{"start":{"line":40,"column":8},"end":{"line":40,"column":17}},"21":{"start":{"line":27,"column":0},"end":{"line":27,"column":22}},"22":{"start":{"line":45,"column":20},"end":{"line":47,"column":6}},"23":{"start":{"line":48,"column":4},"end":{"line":56,"column":null}},"24":{"start":{"line":49,"column":25},"end":{"line":49,"column":127}},"25":{"start":{"line":50,"column":32},"end":{"line":50,"column":57}},"26":{"start":{"line":51,"column":8},"end":{"line":51,"column":31}},"27":{"start":{"line":53,"column":8},"end":{"line":53,"column":67}},"28":{"start":{"line":54,"column":8},"end":{"line":54,"column":67}},"29":{"start":{"line":55,"column":8},"end":{"line":55,"column":17}},"30":{"start":{"line":44,"column":0},"end":{"line":44,"column":22}},"31":{"start":{"line":60,"column":20},"end":{"line":62,"column":6}},"32":{"start":{"line":63,"column":4},"end":{"line":98,"column":null}},"33":{"start":{"line":64,"column":25},"end":{"line":64,"column":117}},"34":{"start":{"line":66,"column":27},"end":{"line":66,"column":40}},"35":{"start":{"line":67,"column":8},"end":{"line":70,"column":null}},"36":{"start":{"line":69,"column":12},"end":{"line":69,"column":21}},"37":{"start":{"line":73,"column":8},"end":{"line":77,"column":11}},"38":{"start":{"line":74,"column":31},"end":{"line":74,"column":71}},"39":{"start":{"line":75,"column":31},"end":{"line":75,"column":71}},"40":{"start":{"line":76,"column":12},"end":{"line":76,"column":43}},"41":{"start":{"line":80,"column":32},"end":{"line":80,"column":33}},"42":{"start":{"line":81,"column":8},"end":{"line":86,"column":null}},"43":{"start":{"line":81,"column":21},"end":{"line":81,"column":22}},"44":{"start":{"line":82,"column":31},"end":{"line":82,"column":73}},"45":{"start":{"line":83,"column":35},"end":{"line":83,"column":81}},"46":{"start":{"line":84,"column":33},"end":{"line":84,"column":80}},"47":{"start":{"line":85,"column":12},"end":{"line":85,"column":46}},"48":{"start":{"line":88,"column":36},"end":{"line":88,"column":79}},"49":{"start":{"line":89,"column":26},"end":{"line":89,"column":107}},"50":{"start":{"line":91,"column":8},"end":{"line":91,"column":null}},"51":{"start":{"line":93,"column":8},"end":{"line":93,"column":25}},"52":{"start":{"line":95,"column":8},"end":{"line":95,"column":65}},"53":{"start":{"line":96,"column":8},"end":{"line":96,"column":66}},"54":{"start":{"line":97,"column":8},"end":{"line":97,"column":17}},"55":{"start":{"line":59,"column":0},"end":{"line":59,"column":22}},"56":{"start":{"line":102,"column":20},"end":{"line":104,"column":6}},"57":{"start":{"line":106,"column":4},"end":{"line":141,"column":null}},"58":{"start":{"line":107,"column":25},"end":{"line":107,"column":129}},"59":{"start":{"line":109,"column":26},"end":{"line":109,"column":39}},"60":{"start":{"line":110,"column":8},"end":{"line":112,"column":null}},"61":{"start":{"line":111,"column":12},"end":{"line":111,"column":21}},"62":{"start":{"line":115,"column":32},"end":{"line":115,"column":33}},"63":{"start":{"line":116,"column":33},"end":{"line":116,"column":34}},"64":{"start":{"line":117,"column":8},"end":{"line":125,"column":null}},"65":{"start":{"line":118,"column":12},"end":{"line":124,"column":null}},"66":{"start":{"line":119,"column":35},"end":{"line":119,"column":61}},"67":{"start":{"line":120,"column":36},"end":{"line":120,"column":61}},"68":{"start":{"line":121,"column":37},"end":{"line":121,"column":81}},"69":{"start":{"line":122,"column":16},"end":{"line":122,"column":50}},"70":{"start":{"line":123,"column":16},"end":{"line":123,"column":37}},"71":{"start":{"line":126,"column":8},"end":{"line":126,"column":53}},"72":{"start":{"line":127,"column":8},"end":{"line":129,"column":null}},"73":{"start":{"line":128,"column":12},"end":{"line":128,"column":21}},"74":{"start":{"line":131,"column":36},"end":{"line":131,"column":74}},"75":{"start":{"line":132,"column":26},"end":{"line":132,"column":107}},"76":{"start":{"line":134,"column":8},"end":{"line":134,"column":null}},"77":{"start":{"line":136,"column":8},"end":{"line":136,"column":25}},"78":{"start":{"line":138,"column":8},"end":{"line":138,"column":71}},"79":{"start":{"line":139,"column":8},"end":{"line":139,"column":70}},"80":{"start":{"line":140,"column":8},"end":{"line":140,"column":17}},"81":{"start":{"line":101,"column":0},"end":{"line":101,"column":22}},"82":{"start":{"line":145,"column":4},"end":{"line":164,"column":7}},"83":{"start":{"line":147,"column":33},"end":{"line":147,"column":46}},"84":{"start":{"line":148,"column":32},"end":{"line":148,"column":57}},"85":{"start":{"line":150,"column":8},"end":{"line":154,"column":11}},"86":{"start":{"line":151,"column":29},"end":{"line":151,"column":46}},"87":{"start":{"line":152,"column":34},"end":{"line":152,"column":59}},"88":{"start":{"line":153,"column":12},"end":{"line":153,"column":57}},"89":{"start":{"line":156,"column":8},"end":{"line":156,"column":52}},"90":{"start":{"line":157,"column":8},"end":{"line":157,"column":26}},"91":{"start":{"line":160,"column":8},"end":{"line":160,"column":51}},"92":{"start":{"line":161,"column":8},"end":{"line":161,"column":50}},"93":{"start":{"line":162,"column":8},"end":{"line":162,"column":46}},"94":{"start":{"line":163,"column":8},"end":{"line":163,"column":26}},"95":{"start":{"line":165,"column":4},"end":{"line":165,"column":22}},"96":{"start":{"line":144,"column":0},"end":{"line":144,"column":22}}},"fnMap":{"0":{"name":"readReadmeFile","decl":{"start":{"line":7,"column":22},"end":{"line":7,"column":36}},"loc":{"start":{"line":7,"column":53},"end":{"line":25,"column":null}}},"1":{"name":"getUserStars","decl":{"start":{"line":27,"column":22},"end":{"line":27,"column":34}},"loc":{"start":{"line":27,"column":84},"end":{"line":42,"column":null}}},"2":{"name":"getOpenIssuesCount","decl":{"start":{"line":44,"column":22},"end":{"line":44,"column":40}},"loc":{"start":{"line":44,"column":90},"end":{"line":57,"column":null}}},"3":{"name":"getCommitFrequency","decl":{"start":{"line":59,"column":22},"end":{"line":59,"column":40}},"loc":{"start":{"line":59,"column":90},"end":{"line":99,"column":null}}},"4":{"name":"(anonymous_16)","decl":{"start":{"line":73,"column":24},"end":{"line":73,"column":25}},"loc":{"start":{"line":73,"column":43},"end":{"line":77,"column":9}}},"5":{"name":"getIssueResolutionTime","decl":{"start":{"line":101,"column":22},"end":{"line":101,"column":44}},"loc":{"start":{"line":101,"column":94},"end":{"line":142,"column":null}}},"6":{"name":"getContributors","decl":{"start":{"line":144,"column":22},"end":{"line":144,"column":37}},"loc":{"start":{"line":144,"column":107},"end":{"line":166,"column":null}}},"7":{"name":"(anonymous_21)","decl":{"start":{"line":146,"column":10},"end":{"line":146,"column":11}},"loc":{"start":{"line":146,"column":23},"end":{"line":158,"column":5}}},"8":{"name":"(anonymous_22)","decl":{"start":{"line":150,"column":33},"end":{"line":150,"column":34}},"loc":{"start":{"line":150,"column":54},"end":{"line":154,"column":9}}},"9":{"name":"(anonymous_23)","decl":{"start":{"line":159,"column":11},"end":{"line":159,"column":12}},"loc":{"start":{"line":159,"column":19},"end":{"line":164,"column":5}}}},"branchMap":{"0":{"loc":{"start":{"line":12,"column":8},"end":{"line":20,"column":null}},"type":"if","locations":[{"start":{"line":12,"column":8},"end":{"line":20,"column":null}},{"start":{"line":17,"column":15},"end":{"line":20,"column":null}}]},"1":{"loc":{"start":{"line":34,"column":22},"end":{"line":34,"column":57}},"type":"binary-expr","locations":[{"start":{"line":34,"column":22},"end":{"line":34,"column":52}},{"start":{"line":34,"column":56},"end":{"line":34,"column":57}}]},"2":{"loc":{"start":{"line":50,"column":32},"end":{"line":50,"column":57}},"type":"binary-expr","locations":[{"start":{"line":50,"column":32},"end":{"line":50,"column":52}},{"start":{"line":50,"column":56},"end":{"line":50,"column":57}}]},"3":{"loc":{"start":{"line":67,"column":8},"end":{"line":70,"column":null}},"type":"if","locations":[{"start":{"line":67,"column":8},"end":{"line":70,"column":null}}]},"4":{"loc":{"start":{"line":110,"column":8},"end":{"line":112,"column":null}},"type":"if","locations":[{"start":{"line":110,"column":8},"end":{"line":112,"column":null}}]},"5":{"loc":{"start":{"line":118,"column":12},"end":{"line":124,"column":null}},"type":"if","locations":[{"start":{"line":118,"column":12},"end":{"line":124,"column":null}}]},"6":{"loc":{"start":{"line":118,"column":16},"end":{"line":118,"column":79}},"type":"binary-expr","locations":[{"start":{"line":118,"column":16},"end":{"line":118,"column":40}},{"start":{"line":118,"column":44},"end":{"line":118,"column":60}},{"start":{"line":118,"column":64},"end":{"line":118,"column":79}}]},"7":{"loc":{"start":{"line":127,"column":8},"end":{"line":129,"column":null}},"type":"if","locations":[{"start":{"line":127,"column":8},"end":{"line":129,"column":null}}]}},"s":{"0":1,"1":1,"2":1,"3":1,"4":6,"5":6,"6":6,"7":4,"8":2,"9":2,"10":2,"11":1,"12":3,"13":3,"14":3,"15":3,"16":1,"17":1,"18":2,"19":2,"20":2,"21":1,"22":3,"23":3,"24":3,"25":3,"26":1,"27":2,"28":2,"29":2,"30":1,"31":3,"32":3,"33":3,"34":3,"35":1,"36":0,"37":1,"38":0,"39":0,"40":0,"41":0,"42":0,"43":0,"44":0,"45":0,"46":0,"47":0,"48":0,"49":0,"50":0,"51":0,"52":3,"53":3,"54":3,"55":1,"56":3,"57":3,"58":3,"59":3,"60":1,"61":0,"62":1,"63":1,"64":1,"65":20,"66":0,"67":0,"68":0,"69":0,"70":0,"71":1,"72":1,"73":1,"74":0,"75":0,"76":0,"77":0,"78":2,"79":2,"80":2,"81":1,"82":3,"83":2,"84":2,"85":2,"86":2,"87":2,"88":2,"89":1,"90":1,"91":2,"92":2,"93":2,"94":2,"95":3,"96":1},"f":{"0":6,"1":3,"2":3,"3":3,"4":0,"5":3,"6":3,"7":2,"8":2,"9":2},"b":{"0":[4,2],"1":[3,1],"2":[3,0],"3":[0],"4":[0],"5":[0],"6":[20,0,0],"7":[1]}}
}
