TN:
SF:run_URL_FILE/fetch_url.ts
FN:49,(anonymous_21)
FN:60,(anonymous_22)
FN:64,(anonymous_23)
FN:68,(anonymous_24)
FN:72,(anonymous_25)
FN:76,(anonymous_26)
FN:80,(anonymous_27)
FN:84,(anonymous_28)
FN:88,(anonymous_29)
FN:92,(anonymous_30)
FN:96,(anonymous_31)
FN:108,(anonymous_32)
FN:116,(anonymous_33)
FN:137,(anonymous_34)
FN:143,(anonymous_35)
FN:150,(anonymous_36)
FN:155,retrieveGithubKey
FN:169,getPackageObject
FN:177,(anonymous_40)
FN:182,(anonymous_41)
FN:194,(anonymous_42)
FN:204,extractTarball
FN:205,(anonymous_45)
FN:213,cloneRepository
FN:231,(anonymous_48)
FN:241,(anonymous_49)
FN:261,calculateAllMetrics
FN:265,(anonymous_52)
FN:272,(anonymous_53)
FN:275,(anonymous_54)
FN:277,(anonymous_55)
FN:285,fetchUrlsFromFile
FN:334,getGithubDetailsFromNpm
FN:357,printAllMetrics
FN:374,(anonymous_61)
FN:376,(anonymous_62)
FNF:36
FNH:29
FNDA:3,(anonymous_21)
FNDA:3,(anonymous_22)
FNDA:0,(anonymous_23)
FNDA:1,(anonymous_24)
FNDA:1,(anonymous_25)
FNDA:1,(anonymous_26)
FNDA:1,(anonymous_27)
FNDA:3,(anonymous_28)
FNDA:3,(anonymous_29)
FNDA:1,(anonymous_30)
FNDA:1,(anonymous_31)
FNDA:0,(anonymous_32)
FNDA:1,(anonymous_33)
FNDA:11,(anonymous_34)
FNDA:2,(anonymous_35)
FNDA:0,(anonymous_36)
FNDA:4,retrieveGithubKey
FNDA:3,getPackageObject
FNDA:2,(anonymous_40)
FNDA:1,(anonymous_41)
FNDA:3,(anonymous_42)
FNDA:0,extractTarball
FNDA:0,(anonymous_45)
FNDA:1,cloneRepository
FNDA:0,(anonymous_48)
FNDA:0,(anonymous_49)
FNDA:2,calculateAllMetrics
FNDA:1,(anonymous_52)
FNDA:1,(anonymous_53)
FNDA:1,(anonymous_54)
FNDA:1,(anonymous_55)
FNDA:2,fetchUrlsFromFile
FNDA:7,getGithubDetailsFromNpm
FNDA:1,printAllMetrics
FNDA:1,(anonymous_61)
FNDA:1,(anonymous_62)
DA:7,1
DA:8,1
DA:10,1
DA:13,1
DA:14,1
DA:16,1
DA:17,1
DA:20,1
DA:21,1
DA:22,1
DA:24,1
DA:26,1
DA:34,1
DA:39,1
DA:44,1
DA:47,1
DA:49,1
DA:50,3
DA:51,3
DA:52,3
DA:53,3
DA:54,3
DA:55,3
DA:56,3
DA:57,3
DA:58,3
DA:61,3
DA:65,0
DA:69,1
DA:73,1
DA:77,1
DA:81,1
DA:85,3
DA:89,3
DA:93,1
DA:97,1
DA:106,1
DA:107,1
DA:108,1
DA:109,0
DA:112,1
DA:113,1
DA:114,1
DA:116,1
DA:117,1
DA:120,1
DA:121,1
DA:122,1
DA:123,1
DA:124,1
DA:125,1
DA:126,1
DA:128,1
DA:132,1
DA:138,11
DA:139,11
DA:140,11
DA:144,2
DA:145,0
DA:147,2
DA:151,0
DA:156,4
DA:157,4
DA:158,1
DA:159,1
DA:160,1
DA:162,3
DA:163,3
DA:170,3
DA:174,3
DA:176,3
DA:178,2
DA:179,0
DA:183,1
DA:184,1
DA:187,3
DA:188,3
DA:190,0
DA:191,0
DA:194,3
DA:195,3
DA:198,3
DA:199,3
DA:201,3
DA:205,0
DA:206,0
DA:214,1
DA:216,1
DA:218,1
DA:219,1
DA:220,1
DA:224,1
DA:227,1
DA:228,1
DA:229,1
DA:231,0
DA:232,0
DA:233,0
DA:237,0
DA:241,0
DA:242,0
DA:246,0
DA:248,0
DA:254,1
DA:255,1
DA:256,1
DA:258,1
DA:262,2
DA:263,1
DA:264,1
DA:266,1
DA:268,1
DA:271,2
DA:272,2
DA:273,1
DA:274,1
DA:275,1
DA:276,1
DA:278,1
DA:285,1
DA:286,2
DA:287,2
DA:289,1
DA:291,1
DA:293,1
DA:294,21
DA:296,21
DA:297,10
DA:298,10
DA:300,10
DA:301,4
DA:302,4
DA:303,4
DA:306,4
DA:307,4
DA:308,0
DA:309,0
DA:312,6
DA:313,6
DA:314,6
DA:315,6
DA:318,10
DA:319,10
DA:323,11
DA:326,1
DA:329,1
DA:330,1
DA:334,1
DA:335,7
DA:337,7
DA:338,7
DA:341,6
DA:343,6
DA:345,0
DA:346,0
DA:347,0
DA:348,0
DA:352,1
DA:353,1
DA:358,1
DA:359,1
DA:365,1
DA:371,1
DA:372,1
DA:374,1
DA:375,1
DA:376,1
DA:377,1
DA:381,1
LF:169
LH:146
BRDA:144,0,0,0
BRDA:157,1,0,1
BRDA:157,1,1,3
BRDA:178,2,0,0
BRDA:187,3,0,3
BRDA:187,3,1,0
BRDA:219,4,0,1
BRDA:296,5,0,10
BRDA:296,5,1,11
BRDA:296,6,0,21
BRDA:296,6,1,18
BRDA:296,6,2,14
BRDA:300,7,0,4
BRDA:300,7,1,6
BRDA:307,8,0,0
BRDA:312,9,0,6
BRDA:341,10,0,6
BRDA:341,10,1,1
BRDA:343,11,0,0
BRDA:343,12,0,6
BRDA:343,12,1,1
BRF:21
BRH:16
end_of_record
TN:
SF:run_URL_FILE/logger.ts
FN:15,getLogLevel
FN:33,getLogPath
FN:44,getLogger
FNF:3
FNH:3
FNDA:1,getLogLevel
FNDA:1,getLogPath
FNDA:1,getLogger
DA:1,1
DA:3,1
DA:9,1
DA:16,1
DA:17,1
DA:19,1
DA:21,0
DA:23,0
DA:25,0
DA:27,0
DA:30,0
DA:34,1
DA:35,1
DA:36,0
DA:37,0
DA:38,0
DA:41,1
DA:44,1
DA:45,1
DA:46,1
DA:48,1
DA:57,1
LF:22
LH:14
BRDA:17,0,0,1
BRDA:17,0,1,0
BRDA:21,1,0,0
BRDA:21,1,1,0
BRDA:25,2,0,0
BRDA:35,3,0,0
BRF:6
BRH:1
end_of_record
TN:
SF:run_URL_FILE/metric_calcs.ts
FN:18,calculateRampUp
FN:42,calculateBusFactor
FN:64,(anonymous_9)
FN:68,(anonymous_10)
FN:87,calculateCorrectness
FN:109,calculateResponsiveMaintainer
FN:132,calculateNetScore
FNF:7
FNH:7
FNDA:5,calculateRampUp
FNDA:6,calculateBusFactor
FNDA:32,(anonymous_9)
FNDA:32,(anonymous_10)
FNDA:3,calculateCorrectness
FNDA:3,calculateResponsiveMaintainer
FNDA:1,calculateNetScore
DA:3,1
DA:5,1
DA:16,1
DA:18,1
DA:19,5
DA:24,5
DA:25,5
DA:29,5
DA:30,5
DA:31,5
DA:32,5
DA:35,5
DA:37,5
DA:39,5
DA:42,1
DA:43,6
DA:47,6
DA:50,6
DA:51,6
DA:52,1
DA:54,5
DA:55,5
DA:61,6
DA:62,6
DA:63,6
DA:64,6
DA:65,32
DA:66,32
DA:68,6
DA:69,32
DA:71,6
DA:72,6
DA:73,1
DA:75,6
DA:78,6
DA:80,6
DA:82,6
DA:84,6
DA:87,1
DA:88,3
DA:89,3
DA:90,3
DA:91,3
DA:93,3
DA:94,3
DA:95,3
DA:97,3
DA:98,3
DA:100,3
DA:103,0
DA:104,0
DA:105,0
DA:109,1
DA:110,3
DA:111,3
DA:112,3
DA:116,3
DA:117,3
DA:118,3
DA:120,3
DA:122,3
DA:124,3
DA:126,0
DA:127,0
DA:128,0
DA:132,1
DA:133,1
DA:134,1
DA:136,1
DA:138,1
LF:70
LH:64
BRDA:51,0,0,1
BRDA:51,0,1,5
BRDA:72,1,0,1
BRF:3
BRH:3
end_of_record
TN:
SF:run_URL_FILE/metric_calcs_helpers.ts
FN:7,readReadmeFile
FN:27,getUserStars
FN:44,getOpenIssuesCount
FN:59,getCommitFrequency
FN:73,(anonymous_16)
FN:101,getIssueResolutionTime
FN:144,getContributors
FN:146,(anonymous_21)
FN:150,(anonymous_22)
FN:159,(anonymous_23)
FNF:10
FNH:9
FNDA:6,readReadmeFile
FNDA:3,getUserStars
FNDA:3,getOpenIssuesCount
FNDA:3,getCommitFrequency
FNDA:0,(anonymous_16)
FNDA:3,getIssueResolutionTime
FNDA:3,getContributors
FNDA:2,(anonymous_21)
FNDA:2,(anonymous_22)
FNDA:2,(anonymous_23)
DA:1,1
DA:2,1
DA:4,1
DA:5,1
DA:7,1
DA:8,6
DA:10,6
DA:12,6
DA:14,4
DA:16,2
DA:19,2
DA:23,2
DA:27,1
DA:28,3
DA:32,3
DA:33,3
DA:34,3
DA:35,1
DA:36,1
DA:38,2
DA:39,2
DA:40,2
DA:44,1
DA:45,3
DA:48,3
DA:49,3
DA:50,3
DA:51,1
DA:53,2
DA:54,2
DA:55,2
DA:59,1
DA:60,3
DA:63,3
DA:64,3
DA:66,3
DA:67,1
DA:69,0
DA:73,1
DA:74,0
DA:75,0
DA:76,0
DA:80,0
DA:81,0
DA:82,0
DA:83,0
DA:84,0
DA:85,0
DA:88,0
DA:89,0
DA:91,0
DA:93,0
DA:95,3
DA:96,3
DA:97,3
DA:101,1
DA:102,3
DA:106,3
DA:107,3
DA:109,3
DA:110,1
DA:111,0
DA:115,1
DA:116,1
DA:117,1
DA:118,20
DA:119,0
DA:120,0
DA:121,0
DA:122,0
DA:123,0
DA:126,1
DA:127,1
DA:128,1
DA:131,0
DA:132,0
DA:134,0
DA:136,0
DA:138,2
DA:139,2
DA:140,2
DA:144,1
DA:145,3
DA:147,2
DA:148,2
DA:150,2
DA:151,2
DA:152,2
DA:153,2
DA:156,1
DA:157,1
DA:160,2
DA:161,2
DA:162,2
DA:163,2
DA:165,3
LF:96
LH:72
BRDA:12,0,0,4
BRDA:12,0,1,2
BRDA:34,1,0,3
BRDA:34,1,1,1
BRDA:50,2,0,3
BRDA:50,2,1,0
BRDA:67,3,0,0
BRDA:110,4,0,0
BRDA:118,5,0,0
BRDA:118,6,0,20
BRDA:118,6,1,0
BRDA:118,6,2,0
BRDA:127,7,0,1
BRF:13
BRH:7
end_of_record
